<?xml version="1.0" encoding="UTF-8"?>
<!-- Generated by org.testng.reporters.JUnitReportReporter -->
<testsuite hostname="DESKTOP-4TTF36F" failures="0" tests="1" name="TestClass.Register_TestClass" time="12.311" errors="0" timestamp="2022-09-13T08:11:04 IST" skipped="0">
  <testcase classname="TestClass.Register_TestClass" name="registerToApp" time="12.311"/>
  <system-out>
    <![CDATA[Reading Data from Excel
Reading Data from Excel
Reading Data from Excel
Reading Data from Excel
Taken Screenshot
Taken Screenshot
Successful registered]]>
  </system-out>
</testsuite> <!-- TestClass.Register_TestClass -->
