<?xml version="1.0" encoding="UTF-8"?>
<!-- Generated by org.testng.reporters.JUnitReportReporter -->
<testsuite hostname="DESKTOP-4TTF36F" failures="0" tests="1" name="TestClass.Login_TestClass" time="1.645" errors="0" timestamp="2022-09-13T08:41:21 IST" skipped="0">
  <testcase classname="TestClass.Login_TestClass" name="LoginToApplication" time="1.645"/>
  <system-out>
    <![CDATA[Reading Data from Excel
Reading Data from Excel
Taken Screenshot
Login Successfull]]>
  </system-out>
</testsuite> <!-- TestClass.Login_TestClass -->
